libsuperuser/build/outputs/logs/manifest-merger-debug-report.txt
-- Merging decision tree log ---
manifest
ADDED from FWDumper\libsuperuser\AndroidManifest.xml:1:1-7:12
INJECTED from FWDumper\libsuperuser\AndroidManifest.xml:1:1-7:12
INJECTED from FWDumper\libsuperuser\AndroidManifest.xml:1:1-7:12
INJECTED from FWDumper\libsuperuser\AndroidManifest.xml:1:1-7:12
INJECTED from FWDumper\libsuperuser\AndroidManifest.xml:1:1-7:12
INJECTED from FWDumper\libsuperuser\AndroidManifest.xml:1:1-7:12
INJECTED from FWDumper\libsuperuser\AndroidManifest.xml:1:1-7:12
	package
		ADDED from FWDumper\libsuperuser\AndroidManifest.xml:2:5-40
		INJECTED from FWDumper\libsuperuser\AndroidManifest.xml
		INJECTED from FWDumper\libsuperuser\AndroidManifest.xml
	android:versionName
		ADDED from FWDumper\libsuperuser\AndroidManifest.xml:4:5-30
		INJECTED from FWDumper\libsuperuser\AndroidManifest.xml
		INJECTED from FWDumper\libsuperuser\AndroidManifest.xml
	xmlns:android
		ADDED from FWDumper\libsuperuser\AndroidManifest.xml:1:11-69
	android:versionCode
		ADDED from FWDumper\libsuperuser\AndroidManifest.xml:3:5-28
		INJECTED from FWDumper\libsuperuser\AndroidManifest.xml
		INJECTED from FWDumper\libsuperuser\AndroidManifest.xml
uses-sdk
ADDED from FWDumper\libsuperuser\AndroidManifest.xml:6:5-73
INJECTED from FWDumper\libsuperuser\AndroidManifest.xml:6:5-73
INJECTED from FWDumper\libsuperuser\AndroidManifest.xml:6:5-73
INJECTED from FWDumper\libsuperuser\AndroidManifest.xml:6:5-73
INJECTED from FWDumper\libsuperuser\AndroidManifest.xml:6:5-73
	android:targetSdkVersion
		ADDED from FWDumper\libsuperuser\AndroidManifest.xml:6:41-70
		INJECTED from FWDumper\libsuperuser\AndroidManifest.xml
		INJECTED from FWDumper\libsuperuser\AndroidManifest.xml
	android:minSdkVersion
		ADDED from FWDumper\libsuperuser\AndroidManifest.xml:6:15-40
		INJECTED from FWDumper\libsuperuser\AndroidManifest.xml
		INJECTED from FWDumper\libsuperuser\AndroidManifest.xml